READING FROM FILE vsftpd.log
READING FROM FILE vsftpd.log
READING FROM FILE vsftpd.log
READING FROM FILE vsftpd.log
PARSED REQUEST RECEIVED AT: vsftpd.log
{
    "date": "2020-06-17 15:21:57",
    "file_path": "/home/lorenzo/Song1.mp3",
    "host_ip": "192.168.1.190",
    "username": "lorenzo"
}PARSED REQUEST RECEIVED AT: vsftpd.log
{
    "date": "2020-06-17 15:25:46",
    "file_path": "/home/lorenzo/Song1.mp3",
    "host_ip": "192.168.1.190",
    "username": "lorenzo"
}READING FROM FILE vsftpd.log
PARSED REQUEST RECEIVED AT: vsftpd.log
{
    "date": "2020-06-17 15:35:09",
    "file_path": "/home/lorenzo/Song1.mp3",
    "host_ip": "192.168.1.190",
    "username": "lorenzo"
}READING FROM FILE vsftpd.log
PARSED REQUEST RECEIVED AT: vsftpd.log
{
    "date": "2020-06-17 15:38:47",
    "file_path": "/home/lorenzo/Song1.mp3",
    "host_ip": "192.168.1.190",
    "username": "lorenzo"
}READING FROM FILE vsftpd.log
PARSED REQUEST RECEIVED AT: vsftpd.log
{
    "date": "2020-06-17 15:39:33",
    "file_path": "/home/lorenzo/Song1.mp3",
    "host_ip": "192.168.1.190",
    "username": "lorenzo"
}READING FROM FILE vsftpd.log
PARSED REQUEST RECEIVED AT: vsftpd.log
{
    "date": "2020-06-17 15:40:13",
    "file_path": "/home/lorenzo/Song1.mp3",
    "host_ip": "192.168.1.190",
    "username": "lorenzo"
}READING FROM FILE vsftpd.log
PARSED REQUEST RECEIVED AT: vsftpd.log
{
    "date": "2020-06-17 15:43:36",
    "file_path": "/home/lorenzo/Song1.mp3",
    "host_ip": "192.168.1.190",
    "username": "lorenzo"
}READING FROM FILE vsftpd.log
PARSED REQUEST RECEIVED AT: vsftpd.log
{
    "date": "2020-06-17 15:44:23",
    "file_path": "/home/lorenzo/Song1.mp3",
    "host_ip": "192.168.1.190",
    "username": "lorenzo"
}READING FROM FILE vsftpd.log
PARSED REQUEST RECEIVED AT: vsftpd.log
{
    "date": "2020-06-17 15:48:32",
    "file_path": "/home/lorenzo/Song1.mp3",
    "host_ip": "192.168.1.190",
    "username": "lorenzo"
}READING FROM FILE vsftpd.log
PARSED REQUEST RECEIVED AT: vsftpd.log
{
    "date": "2020-06-17 15:57:24",
    "file_path": "/home/lorenzo/Song2.mp3",
    "host_ip": "192.168.1.190",
    "username": "lorenzo"
}READING FROM FILE vsftpd.log
PARSED REQUEST RECEIVED AT: vsftpd.log
{
    "date": "2020-06-17 15:57:55",
    "file_path": "/home/lorenzo/Song2.mp3",
    "host_ip": "192.168.1.190",
    "username": "lorenzo"
}READING FROM FILE vsftpd.log
PARSED REQUEST RECEIVED AT: vsftpd.log
{
    "date": "2020-06-17 15:58:52",
    "file_path": "/home/lorenzo/Song2.mp3",
    "host_ip": "192.168.1.190",
    "username": "lorenzo"
}READING FROM FILE vsftpd.log
PARSED REQUEST RECEIVED AT: vsftpd.log
{
    "date": "2020-06-17 16:00:00",
    "file_path": "/home/lorenzo/Song2.mp3",
    "host_ip": "192.168.1.190",
    "username": "lorenzo"
}READING FROM FILE vsftpd.log
PARSED REQUEST RECEIVED AT: vsftpd.log
{
    "date": "2020-06-17 16:00:51",
    "file_path": "/home/lorenzo/Song2.mp3",
    "host_ip": "192.168.1.190",
    "username": "lorenzo"
}PARSED REQUEST RECEIVED AT: vsftpd.log
{
    "date": "2020-06-17 16:01:22",
    "file_path": "/home/lorenzo/Song2.mp3",
    "host_ip": "192.168.1.190",
    "username": "lorenzo"
}READING FROM FILE vsftpd.log
PARSED REQUEST RECEIVED AT: vsftpd.log
{
    "date": "2020-06-17 16:08:43",
    "file_path": "/home/lorenzo/Song2.mp3",
    "host_ip": "192.168.1.190",
    "username": "lorenzo"
}READING FROM FILE vsftpd.log
READING FROM FILE vsftpd.log
READING FROM FILE vsftpd.log
READING FROM FILE vsftpd.log
READING FROM FILE vsftpd.log
READING FROM FILE vsftpd.log
READING FROM FILE vsftpd.log
READING FROM FILE vsftpd.log
READING FROM FILE vsftpd.log
READING FROM FILE vsftpd.log
READING FROM FILE vsftpd.log
READING FROM FILE vsftpd.log
READING FROM FILE vsftpd.log
READING FROM FILE vsftpd.log
READING FROM FILE vsftpd.log
